0x00000001	0xA8FEF000
0x00000000	0xA8FEF004
0x00000000	0xA8FEF008
0x00000000	0xA8FEF00C

0x00000000	0xA8FEF010
0x00000000	0xA8FEF014
0x00000000	0xA8FEF018
0x00000000	0xA8FEF01C

0x00000000	0xA8FEF020
0x00000000	0xA8FEF024
0x00000000	0xA8FEF028
0x00000000	0xA8FEF02C

0x00000000	0xA8FEF030
0x00000000	0xA8FEF034
0x00000000	0xA8FEF038
0x00000000	0xA8FEF03C

0x00000000	0xA8FEF040
0x00000000	0xA8FEF044
0x00000000	0xA8FEF048
0x00000000	0xA8FEF04C

0x00000000	0xA8FEF050
0x00000000	0xA8FEF054
0x00000000	0xA8FEF058
0x00000000	0xA8FEF05C

0x00000000	0xA8FEF060
0x00000000	0xA8FEF064
0x00000000	0xA8FEF068
0x00000000	0xA8FEF06C

0x00000000	0xA8FEF070
0x00000000	0xA8FEF074
0x00000000	0xA8FEF078
0x00000000	0xA8FEF07C

0x00000000	0xA8FEF080
0x00000000	0xA8FEF084
0x00000000	0xA8FEF088
0x00000000	0xA8FEF08C

0x00000000	0xA8FEF090
0x00000000	0xA8FEF094
0x00000000	0xA8FEF098
0x00000000	0xA8FEF09C

0x00000000	0xA8FEF0A0
0x00000000	0xA8FEF0A4
0x00000000	0xA8FEF0A8
0x00000000	0xA8FEF0AC

0x00000000	0xA8FEF0B0
0x00000000	0xA8FEF0B4
0x00000000	0xA8FEF0B8
0x00000000	0xA8FEF0BC

0x00000000	0xA8FEF0C0
0x00000000	0xA8FEF0C4
0x00000000	0xA8FEF0C8
0x00000000	0xA8FEF0CC

0x00000000	0xA8FEF0D0
0x00000000	0xA8FEF0D4
0x00000000	0xA8FEF0D8
0x00000000	0xA8FEF0DC

0x00000000	0xA8FEF0E0
0x00000000	0xA8FEF0E4
0x00000000	0xA8FEF0E8
0x00000000	0xA8FEF0EC

0x00000000	0xA8FEF0F0
0x00000000	0xA8FEF0F4
0x00000000	0xA8FEF0F8
0x00000000	0xA8FEF0FC

0x00000000	0xA8FEF100
0x00000000	0xA8FEF104
0x00000000	0xA8FEF108
0x00000000	0xA8FEF10C

0x00000000	0xA8FEF110
0x00000000	0xA8FEF114
0x00000000	0xA8FEF118
0x00000000	0xA8FEF11C

0x00000000	0xA8FEF120
0x00000000	0xA8FEF124
0x00000000	0xA8FEF128
0x00000000	0xA8FEF12C

0x00000000	0xA8FEF130
0x00000000	0xA8FEF134
0x00000000	0xA8FEF138
0x00000000	0xA8FEF13C

0x00000000	0xA8FEF140
0x00000000	0xA8FEF144
0x00000000	0xA8FEF148
0x00000000	0xA8FEF14C

0x00000000	0xA8FEF150
0x00000000	0xA8FEF154
0x00000000	0xA8FEF158
0x00000000	0xA8FEF15C

0x00000000	0xA8FEF160
0x00000000	0xA8FEF164
0x00000000	0xA8FEF168
0x00000000	0xA8FEF16C

0x00000000	0xA8FEF170
0x00000000	0xA8FEF174
0x00000000	0xA8FEF178
0x00000000	0xA8FEF17C

0x00000000	0xA8FEF180
0x00000000	0xA8FEF184
0x00000000	0xA8FEF188
0x00000000	0xA8FEF18C

0x00000000	0xA8FEF190
0x00000000	0xA8FEF194
0x00000000	0xA8FEF198
0x00000000	0xA8FEF19C

0x00000000	0xA8FEF1A0
0x00000000	0xA8FEF1A4
0x00000000	0xA8FEF1A8
0x00000000	0xA8FEF1AC

0x00000000	0xA8FEF1B0
0x00000000	0xA8FEF1B4
0x00000000	0xA8FEF1B8
0x00000000	0xA8FEF1BC

0x00000000	0xA8FEF1C0
0x00000000	0xA8FEF1C4
0x00000000	0xA8FEF1C8
0x00000000	0xA8FEF1CC

0x00000000	0xA8FEF1D0
0x00000000	0xA8FEF1D4
0x00000000	0xA8FEF1D8
0x00000000	0xA8FEF1DC

0x00000000	0xA8FEF1E0
0x00000000	0xA8FEF1E4
0x00000000	0xA8FEF1E8
0x00000000	0xA8FEF1EC

0x00000000	0xA8FEF1F0
0x00000000	0xA8FEF1F4
0x00000000	0xA8FEF1F8
0x00000000	0xA8FEF1FC

0x00000000	0xA8FEF200
0x00000000	0xA8FEF204
0x00000000	0xA8FEF208
0x00000000	0xA8FEF20C

0x00000000	0xA8FEF210
0x00000000	0xA8FEF214
0x00000000	0xA8FEF218
0x00000000	0xA8FEF21C

0x00000000	0xA8FEF220
0x00000000	0xA8FEF224
0x00000000	0xA8FEF228
0x00000000	0xA8FEF22C

0x00000000	0xA8FEF230
0x00000000	0xA8FEF234
0x00000000	0xA8FEF238
0x00000000	0xA8FEF23C

0x00000000	0xA8FEF240
0x00000000	0xA8FEF244
0x00000000	0xA8FEF248
0x00000000	0xA8FEF24C

0x00000000	0xA8FEF250
0x00000000	0xA8FEF254
0x00000000	0xA8FEF258
0x00000000	0xA8FEF25C

0x00000000	0xA8FEF260
0x00000000	0xA8FEF264
0x00000000	0xA8FEF268
0x00000000	0xA8FEF26C

0x00000000	0xA8FEF270
0x00000000	0xA8FEF274
0x00000000	0xA8FEF278
0x00000000	0xA8FEF27C

0x00000000	0xA8FEF280
0x00000000	0xA8FEF284
0x00000000	0xA8FEF288
0x00000000	0xA8FEF28C

0x00000000	0xA8FEF290
0x00000000	0xA8FEF294
0x00000000	0xA8FEF298
0x00000000	0xA8FEF29C

0x00000000	0xA8FEF2A0
0x00000000	0xA8FEF2A4
0x00000000	0xA8FEF2A8
0x00000000	0xA8FEF2AC

0x00000000	0xA8FEF2B0
0x00000000	0xA8FEF2B4
0x00000000	0xA8FEF2B8
0x00000000	0xA8FEF2BC

0x00000000	0xA8FEF2C0
0x00000000	0xA8FEF2C4
0x00000000	0xA8FEF2C8
0x00000000	0xA8FEF2CC

0x00000000	0xA8FEF2D0
0x00000000	0xA8FEF2D4
0x00000000	0xA8FEF2D8
0x00000000	0xA8FEF2DC

0x00000000	0xA8FEF2E0
0x00000000	0xA8FEF2E4
0x00000000	0xA8FEF2E8
0x00000000	0xA8FEF2EC

0x00000000	0xA8FEF2F0
0x00000000	0xA8FEF2F4
0x00000000	0xA8FEF2F8
0x00000000	0xA8FEF2FC

0x00000000	0xA8FEF300
0x00000000	0xA8FEF304
0x00000000	0xA8FEF308
0x00000000	0xA8FEF30C

0x00000000	0xA8FEF310
0x00000000	0xA8FEF314
0x00000000	0xA8FEF318
0x00000000	0xA8FEF31C

0x00000000	0xA8FEF320
0x00000000	0xA8FEF324
0x00000000	0xA8FEF328
0x00000000	0xA8FEF32C

0x00000000	0xA8FEF330
0x00000000	0xA8FEF334
0x00000000	0xA8FEF338
0x00000000	0xA8FEF33C

0x00000000	0xA8FEF340
0x00000000	0xA8FEF344
0x00000000	0xA8FEF348
0x00000000	0xA8FEF34C

0x00000000	0xA8FEF350
0x00000000	0xA8FEF354
0x00000000	0xA8FEF358
0x00000000	0xA8FEF35C

0x00000000	0xA8FEF360
0x00000000	0xA8FEF364
0x00000000	0xA8FEF368
0x00000000	0xA8FEF36C

0x00000000	0xA8FEF370
0x00000000	0xA8FEF374
0x00000000	0xA8FEF378
0x00000000	0xA8FEF37C

0x00000000	0xA8FEF380
0x00000000	0xA8FEF384
0x00000000	0xA8FEF388
0x00000000	0xA8FEF38C

0x00000000	0xA8FEF390
0x00000000	0xA8FEF394
0x00000000	0xA8FEF398
0x00000000	0xA8FEF39C

0x00000000	0xA8FEF3A0
0x00000000	0xA8FEF3A4
0x00000000	0xA8FEF3A8
0x00000000	0xA8FEF3AC

0x00000000	0xA8FEF3B0
0x00000000	0xA8FEF3B4
0x00000000	0xA8FEF3B8
0x00000000	0xA8FEF3BC

0x00000000	0xA8FEF3C0
0x00000000	0xA8FEF3C4
0x00000000	0xA8FEF3C8
0x00000000	0xA8FEF3CC

0x00000000	0xA8FEF3D0
0x00000000	0xA8FEF3D4
0x00000000	0xA8FEF3D8
0x00000000	0xA8FEF3DC

0x00000000	0xA8FEF3E0
0x00000000	0xA8FEF3E4
0x00000000	0xA8FEF3E8
0x00000000	0xA8FEF3EC

0x00000000	0xA8FEF3F0
0x00000000	0xA8FEF3F4
0x00000000	0xA8FEF3F8
0x00000000	0xA8FEF3FC

0x00000000	0xA8FEF400
0x00000000	0xA8FEF404
0x00000000	0xA8FEF408
0x00000000	0xA8FEF40C

0x00000000	0xA8FEF410
0x00000000	0xA8FEF414
0x00000000	0xA8FEF418
0x00000000	0xA8FEF41C

0x00000000	0xA8FEF420
0x00000000	0xA8FEF424
0x00000000	0xA8FEF428
0x00000000	0xA8FEF42C

0x00000000	0xA8FEF430
0x00000000	0xA8FEF434
0x00000000	0xA8FEF438
0x00000000	0xA8FEF43C

0x00000000	0xA8FEF440
0x00000000	0xA8FEF444
0x00000000	0xA8FEF448
0x00000000	0xA8FEF44C

0x00000000	0xA8FEF450
0x00000000	0xA8FEF454
0x00000000	0xA8FEF458
0x00000000	0xA8FEF45C

0x00000000	0xA8FEF460
0x00000000	0xA8FEF464
0x00000000	0xA8FEF468
0x00000000	0xA8FEF46C

0x00000000	0xA8FEF470
0x00000000	0xA8FEF474
0x00000000	0xA8FEF478
0x00000000	0xA8FEF47C

0x00000000	0xA8FEF480
0x00000000	0xA8FEF484
0x00000000	0xA8FEF488
0x00000000	0xA8FEF48C

0x00000000	0xA8FEF490
0x00000000	0xA8FEF494
0x00000000	0xA8FEF498
0x00000000	0xA8FEF49C

0x00000000	0xA8FEF4A0
0x00000000	0xA8FEF4A4
0x00000000	0xA8FEF4A8
0x00000000	0xA8FEF4AC

0x00000000	0xA8FEF4B0
0x00000000	0xA8FEF4B4
0x00000000	0xA8FEF4B8
0x00000000	0xA8FEF4BC

0x00000000	0xA8FEF4C0
0x00000000	0xA8FEF4C4
0x00000000	0xA8FEF4C8
0x00000000	0xA8FEF4CC

0x00000000	0xA8FEF4D0
0x00000000	0xA8FEF4D4
0x00000000	0xA8FEF4D8
0x00000000	0xA8FEF4DC

0x00000000	0xA8FEF4E0
0x00000000	0xA8FEF4E4
0x00000000	0xA8FEF4E8
0x00000000	0xA8FEF4EC

0x00000000	0xA8FEF4F0
0x00000000	0xA8FEF4F4
0x00000000	0xA8FEF4F8
0x00000000	0xA8FEF4FC

0x00000000	0xA8FEF500
0x00000000	0xA8FEF504
0x00000000	0xA8FEF508
0x00000000	0xA8FEF50C

0x00000000	0xA8FEF510
0x00000000	0xA8FEF514
0x00000000	0xA8FEF518
0x00000000	0xA8FEF51C

0x00000000	0xA8FEF520
0x00000000	0xA8FEF524
0x00000000	0xA8FEF528
0x00000000	0xA8FEF52C

0x00000000	0xA8FEF530
0x00000000	0xA8FEF534
0x00000000	0xA8FEF538
0x00000000	0xA8FEF53C

0x00000000	0xA8FEF540
0x00000000	0xA8FEF544
0x00000000	0xA8FEF548
0x00000000	0xA8FEF54C

0x00000000	0xA8FEF550
0x00000000	0xA8FEF554
0x00000000	0xA8FEF558
0x00000000	0xA8FEF55C

0x00000000	0xA8FEF560
0x00000000	0xA8FEF564
0x00000000	0xA8FEF568
0x00000000	0xA8FEF56C

0x00000000	0xA8FEF570
0x00000000	0xA8FEF574
0x00000000	0xA8FEF578
0x00000000	0xA8FEF57C

0x00000000	0xA8FEF580
0x00000000	0xA8FEF584
0x00000000	0xA8FEF588
0x00000000	0xA8FEF58C

0x00000000	0xA8FEF590
0x00000000	0xA8FEF594
0x00000000	0xA8FEF598
0x00000000	0xA8FEF59C

0x00000000	0xA8FEF5A0
0x00000000	0xA8FEF5A4
0x00000000	0xA8FEF5A8
0x00000000	0xA8FEF5AC

0x00000000	0xA8FEF5B0
0x00000000	0xA8FEF5B4
0x00000000	0xA8FEF5B8
0x00000000	0xA8FEF5BC

0x00000000	0xA8FEF5C0
0x00000000	0xA8FEF5C4
0x00000000	0xA8FEF5C8
0x00000000	0xA8FEF5CC

0x00000000	0xA8FEF5D0
0x00000000	0xA8FEF5D4
0x00000000	0xA8FEF5D8
0x00000000	0xA8FEF5DC

0x00000000	0xA8FEF5E0
0x00000000	0xA8FEF5E4
0x00000000	0xA8FEF5E8
0x00000000	0xA8FEF5EC

0x00000000	0xA8FEF5F0
0x00000000	0xA8FEF5F4
0x00000000	0xA8FEF5F8
0x00000000	0xA8FEF5FC

0x00000000	0xA8FEF600
0x00000000	0xA8FEF604
0x00000000	0xA8FEF608
0x00000000	0xA8FEF60C

0x00000000	0xA8FEF610
0x00000000	0xA8FEF614
0x00000000	0xA8FEF618
0x00000000	0xA8FEF61C

0x00000000	0xA8FEF620
0x00000000	0xA8FEF624
0x00000000	0xA8FEF628
0x00000000	0xA8FEF62C

0x00000000	0xA8FEF630
0x00000000	0xA8FEF634
0x00000000	0xA8FEF638
0x00000000	0xA8FEF63C

0x00000000	0xA8FEF640
0x00000000	0xA8FEF644
0x00000000	0xA8FEF648
0x00000000	0xA8FEF64C

0x00000000	0xA8FEF650
0x00000000	0xA8FEF654
0x00000000	0xA8FEF658
0x00000000	0xA8FEF65C

0x00000000	0xA8FEF660
0x00000000	0xA8FEF664
0x00000000	0xA8FEF668
0x00000000	0xA8FEF66C

0x00000000	0xA8FEF670
0x00000000	0xA8FEF674
0x00000000	0xA8FEF678
0x00000000	0xA8FEF67C

0x00000000	0xA8FEF680
0x00000000	0xA8FEF684
0x00000000	0xA8FEF688
0x00000000	0xA8FEF68C

0x00000000	0xA8FEF690
0x00000000	0xA8FEF694
0x00000000	0xA8FEF698
0x00000000	0xA8FEF69C

0x00000000	0xA8FEF6A0
0x00000000	0xA8FEF6A4
0x00000000	0xA8FEF6A8
0x00000000	0xA8FEF6AC

0x00000000	0xA8FEF6B0
0x00000000	0xA8FEF6B4
0x00000000	0xA8FEF6B8
0x00000000	0xA8FEF6BC

0x00000000	0xA8FEF6C0
0x00000000	0xA8FEF6C4
0x00000000	0xA8FEF6C8
0x00000000	0xA8FEF6CC

0x00000000	0xA8FEF6D0
0x00000000	0xA8FEF6D4
0x00000000	0xA8FEF6D8
0x00000000	0xA8FEF6DC

0x00000000	0xA8FEF6E0
0x00000000	0xA8FEF6E4
0x00000000	0xA8FEF6E8
0x00000000	0xA8FEF6EC

0x00000000	0xA8FEF6F0
0x00000000	0xA8FEF6F4
0x00000000	0xA8FEF6F8
0x00000000	0xA8FEF6FC

0x00000000	0xA8FEF700
0x00000000	0xA8FEF704
0x00000000	0xA8FEF708
0x00000000	0xA8FEF70C

0x00000000	0xA8FEF710
0x00000000	0xA8FEF714
0x00000000	0xA8FEF718
0x00000000	0xA8FEF71C

0x00000000	0xA8FEF720
0x00000000	0xA8FEF724
0x00000000	0xA8FEF728
0x00000000	0xA8FEF72C

0x00000000	0xA8FEF730
0x00000000	0xA8FEF734
0x00000000	0xA8FEF738
0x00000000	0xA8FEF73C

0x00000000	0xA8FEF740
0x00000000	0xA8FEF744
0x00000000	0xA8FEF748
0x00000000	0xA8FEF74C

0x00000000	0xA8FEF750
0x00000000	0xA8FEF754
0x00000000	0xA8FEF758
0x00000000	0xA8FEF75C

0x00000000	0xA8FEF760
0x00000000	0xA8FEF764
0x00000000	0xA8FEF768
0x00000000	0xA8FEF76C

0x00000000	0xA8FEF770
0x00000000	0xA8FEF774
0x00000000	0xA8FEF778
0x00000000	0xA8FEF77C

0x00000000	0xA8FEF780
0x00000000	0xA8FEF784
0x00000000	0xA8FEF788
0x00000000	0xA8FEF78C

0x00000000	0xA8FEF790
0x00000000	0xA8FEF794
0x00000000	0xA8FEF798
0x00000000	0xA8FEF79C

0x00000000	0xA8FEF7A0
0x00000000	0xA8FEF7A4
0x00000000	0xA8FEF7A8
0x00000000	0xA8FEF7AC

0x00000000	0xA8FEF7B0
0x00000000	0xA8FEF7B4
0x00000000	0xA8FEF7B8
0x00000000	0xA8FEF7BC

0x00000000	0xA8FEF7C0
0x00000000	0xA8FEF7C4
0x00000000	0xA8FEF7C8
0x00000000	0xA8FEF7CC

0x00000000	0xA8FEF7D0
0x00000000	0xA8FEF7D4
0x00000000	0xA8FEF7D8
0x00000000	0xA8FEF7DC

0x00000000	0xA8FEF7E0
0x00000000	0xA8FEF7E4
0x00000000	0xA8FEF7E8
0x00000000	0xA8FEF7EC

0x00000000	0xA8FEF7F0
0x00000000	0xA8FEF7F4
0x00000000	0xA8FEF7F8
0x00000000	0xA8FEF7FC

0x00000000	0xA8FEF800
0x00000000	0xA8FEF804
0x00000000	0xA8FEF808
0x00000000	0xA8FEF80C

0x00000000	0xA8FEF810
0x00000000	0xA8FEF814
0x00000000	0xA8FEF818
0x00000000	0xA8FEF81C

0x00000000	0xA8FEF820
0x00000000	0xA8FEF824
0x00000000	0xA8FEF828
0x00000000	0xA8FEF82C

0x00000000	0xA8FEF830
0x00000000	0xA8FEF834
0x00000000	0xA8FEF838
0x00000000	0xA8FEF83C

0x00000000	0xA8FEF840
0x00000000	0xA8FEF844
0x00000000	0xA8FEF848
0x00000000	0xA8FEF84C

0x00000000	0xA8FEF850
0x00000000	0xA8FEF854
0x00000000	0xA8FEF858
0x00000000	0xA8FEF85C

0x00000000	0xA8FEF860
0x00000000	0xA8FEF864
0x00000000	0xA8FEF868
0x00000000	0xA8FEF86C

0x00000000	0xA8FEF870
0x00000000	0xA8FEF874
0x00000000	0xA8FEF878
0x00000000	0xA8FEF87C

0x00000000	0xA8FEF880
0x00000000	0xA8FEF884
0x00000000	0xA8FEF888
0x00000000	0xA8FEF88C

0x00000000	0xA8FEF890
0x00000000	0xA8FEF894
0x00000000	0xA8FEF898
0x00000000	0xA8FEF89C

0x00000000	0xA8FEF8A0
0x00000000	0xA8FEF8A4
0x00000000	0xA8FEF8A8
0x00000000	0xA8FEF8AC

0x00000000	0xA8FEF8B0
0x00000000	0xA8FEF8B4
0x00000000	0xA8FEF8B8
0x00000000	0xA8FEF8BC

0x00000000	0xA8FEF8C0
0x00000000	0xA8FEF8C4
0x00000000	0xA8FEF8C8
0x00000000	0xA8FEF8CC

0x00000000	0xA8FEF8D0
0x00000000	0xA8FEF8D4
0x00000000	0xA8FEF8D8
0x00000000	0xA8FEF8DC

0x00000000	0xA8FEF8E0
0x00000000	0xA8FEF8E4
0x00000000	0xA8FEF8E8
0x00000000	0xA8FEF8EC

0x00000000	0xA8FEF8F0
0x00000000	0xA8FEF8F4
0x00000000	0xA8FEF8F8
0x00000000	0xA8FEF8FC

0x00000000	0xA8FEF900
0x00000000	0xA8FEF904
0x00000000	0xA8FEF908
0x00000000	0xA8FEF90C

0x00000000	0xA8FEF910
0x00000000	0xA8FEF914
0x00000000	0xA8FEF918
0x00000000	0xA8FEF91C

0x00000000	0xA8FEF920
0x00000000	0xA8FEF924
0x00000000	0xA8FEF928
0x00000000	0xA8FEF92C

0x00000000	0xA8FEF930
0x00000000	0xA8FEF934
0x00000000	0xA8FEF938
0x00000000	0xA8FEF93C

0x00000000	0xA8FEF940
0x00000000	0xA8FEF944
0x00000000	0xA8FEF948
0x00000000	0xA8FEF94C

0x00000000	0xA8FEF950
0x00000000	0xA8FEF954
0x00000000	0xA8FEF958
0x00000000	0xA8FEF95C

0x00000000	0xA8FEF960
0x00000000	0xA8FEF964
0x00000000	0xA8FEF968
0x00000000	0xA8FEF96C

0x00000000	0xA8FEF970
0x00000000	0xA8FEF974
0x00000000	0xA8FEF978
0x00000000	0xA8FEF97C

0x00000000	0xA8FEF980
0x00000000	0xA8FEF984
0x00000000	0xA8FEF988
0x00000000	0xA8FEF98C

0x00000000	0xA8FEF990
0x00000000	0xA8FEF994
0x00000000	0xA8FEF998
0x00000000	0xA8FEF99C

0x00000000	0xA8FEF9A0
0x00000000	0xA8FEF9A4
0x00000000	0xA8FEF9A8
0x00000000	0xA8FEF9AC

0x00000000	0xA8FEF9B0
0x00000000	0xA8FEF9B4
0x00000000	0xA8FEF9B8
0x00000000	0xA8FEF9BC

0x00000000	0xA8FEF9C0
0x00000000	0xA8FEF9C4
0x00000000	0xA8FEF9C8
0x00000000	0xA8FEF9CC

0x00000000	0xA8FEF9D0
0x00000000	0xA8FEF9D4
0x00000000	0xA8FEF9D8
0x00000000	0xA8FEF9DC

0x00000000	0xA8FEF9E0
0x00000000	0xA8FEF9E4
0x00000000	0xA8FEF9E8
0x00000000	0xA8FEF9EC

0x00000000	0xA8FEF9F0
0x00000000	0xA8FEF9F4
0x00000000	0xA8FEF9F8
0x00000000	0xA8FEF9FC

0x00000000	0xA8FEFA00
0x00000000	0xA8FEFA04
0x00000000	0xA8FEFA08
0x00000000	0xA8FEFA0C

0x00000000	0xA8FEFA10
0x00000000	0xA8FEFA14
0x00000000	0xA8FEFA18
0x00000000	0xA8FEFA1C

0x00000000	0xA8FEFA20
0x00000000	0xA8FEFA24
0x00000000	0xA8FEFA28
0x00000000	0xA8FEFA2C

0x00000000	0xA8FEFA30
0x00000000	0xA8FEFA34
0x00000000	0xA8FEFA38
0x00000000	0xA8FEFA3C

0x00000000	0xA8FEFA40
0x00000000	0xA8FEFA44
0x00000000	0xA8FEFA48
0x00000000	0xA8FEFA4C

0x00000000	0xA8FEFA50
0x00000000	0xA8FEFA54
0x00000000	0xA8FEFA58
0x00000000	0xA8FEFA5C

0x00000000	0xA8FEFA60
0x00000000	0xA8FEFA64
0x00000000	0xA8FEFA68
0x00000000	0xA8FEFA6C

0x00000000	0xA8FEFA70
0x00000000	0xA8FEFA74
0x00000000	0xA8FEFA78
0x00000000	0xA8FEFA7C

0x00000000	0xA8FEFA80
0x00000000	0xA8FEFA84
0x00000000	0xA8FEFA88
0x00000000	0xA8FEFA8C

0x00000000	0xA8FEFA90
0x00000000	0xA8FEFA94
0x00000000	0xA8FEFA98
0x00000000	0xA8FEFA9C

0x00000000	0xA8FEFAA0
0x00000000	0xA8FEFAA4
0x00000000	0xA8FEFAA8
0x00000000	0xA8FEFAAC

0x00000000	0xA8FEFAB0
0x00000000	0xA8FEFAB4
0x00000000	0xA8FEFAB8
0x00000000	0xA8FEFABC

0x00000000	0xA8FEFAC0
0x00000000	0xA8FEFAC4
0x00000000	0xA8FEFAC8
0x00000000	0xA8FEFACC

0x00000000	0xA8FEFAD0
0x00000000	0xA8FEFAD4
0x00000000	0xA8FEFAD8
0x00000000	0xA8FEFADC

0x00000000	0xA8FEFAE0
0x00000000	0xA8FEFAE4
0x00000000	0xA8FEFAE8
0x00000000	0xA8FEFAEC

0x00000000	0xA8FEFAF0
0x00000000	0xA8FEFAF4
0x00000000	0xA8FEFAF8
0x00000000	0xA8FEFAFC

0x00000000	0xA8FEFB00
0x00000000	0xA8FEFB04
0x00000000	0xA8FEFB08
0x00000000	0xA8FEFB0C

0x00000000	0xA8FEFB10
0x00000000	0xA8FEFB14
0x00000000	0xA8FEFB18
0x00000000	0xA8FEFB1C

0x00000000	0xA8FEFB20
0x00000000	0xA8FEFB24
0x00000000	0xA8FEFB28
0x00000000	0xA8FEFB2C

0x00000000	0xA8FEFB30
0x00000000	0xA8FEFB34
0x00000000	0xA8FEFB38
0x00000000	0xA8FEFB3C

0x00000000	0xA8FEFB40
0x00000000	0xA8FEFB44
0x00000000	0xA8FEFB48
0x00000000	0xA8FEFB4C

0x00000000	0xA8FEFB50
0x00000000	0xA8FEFB54
0x00000000	0xA8FEFB58
0x00000000	0xA8FEFB5C

0x00000000	0xA8FEFB60
0x00000000	0xA8FEFB64
0x00000000	0xA8FEFB68
0x00000000	0xA8FEFB6C

0x00000000	0xA8FEFB70
0x00000000	0xA8FEFB74
0x00000000	0xA8FEFB78
0x00000000	0xA8FEFB7C

0x00000000	0xA8FEFB80
0x00000000	0xA8FEFB84
0x00000000	0xA8FEFB88
0x00000000	0xA8FEFB8C

0x00000000	0xA8FEFB90
0x00000000	0xA8FEFB94
0x00000000	0xA8FEFB98
0x00000000	0xA8FEFB9C

0x00000000	0xA8FEFBA0
0x00000000	0xA8FEFBA4
0x00000000	0xA8FEFBA8
0x00000000	0xA8FEFBAC

0x00000000	0xA8FEFBB0
0x00000000	0xA8FEFBB4
0x00000000	0xA8FEFBB8
0x00000000	0xA8FEFBBC

0x00000000	0xA8FEFBC0
0x00000000	0xA8FEFBC4
0x00000000	0xA8FEFBC8
0x00000000	0xA8FEFBCC

0x00000000	0xA8FEFBD0
0x00000000	0xA8FEFBD4
0x00000000	0xA8FEFBD8
0x00000000	0xA8FEFBDC

0x00000000	0xA8FEFBE0
0x00000000	0xA8FEFBE4
0x00000000	0xA8FEFBE8
0x00000000	0xA8FEFBEC

0x00000000	0xA8FEFBF0
0x00000000	0xA8FEFBF4
0x00000000	0xA8FEFBF8
0x00000000	0xA8FEFBFC

0x00000000	0xA8FEFC00
0x00000000	0xA8FEFC04
0x00000000	0xA8FEFC08
0x00000000	0xA8FEFC0C

0x00000000	0xA8FEFC10
0x00000000	0xA8FEFC14
0x00000000	0xA8FEFC18
0x00000000	0xA8FEFC1C

0x00000000	0xA8FEFC20
0x00000000	0xA8FEFC24
0x00000000	0xA8FEFC28
0x00000000	0xA8FEFC2C

0x00000000	0xA8FEFC30
0x00000000	0xA8FEFC34
0x00000000	0xA8FEFC38
0x00000000	0xA8FEFC3C

0x00000000	0xA8FEFC40
0x00000000	0xA8FEFC44
0x00000000	0xA8FEFC48
0x00000000	0xA8FEFC4C

0x00000000	0xA8FEFC50
0x00000000	0xA8FEFC54
0x00000000	0xA8FEFC58
0x00000000	0xA8FEFC5C

0x00000000	0xA8FEFC60
0x00000000	0xA8FEFC64
0x00000000	0xA8FEFC68
0x00000000	0xA8FEFC6C

0x00000000	0xA8FEFC70
0x00000000	0xA8FEFC74
0x00000000	0xA8FEFC78
0x00000000	0xA8FEFC7C

0x00000000	0xA8FEFC80
0x00000000	0xA8FEFC84
0x00000000	0xA8FEFC88
0x00000000	0xA8FEFC8C

0x00000000	0xA8FEFC90
0x00000000	0xA8FEFC94
0x00000000	0xA8FEFC98
0x00000000	0xA8FEFC9C

0x00000000	0xA8FEFCA0
0x00000000	0xA8FEFCA4
0x00000000	0xA8FEFCA8
0x00000000	0xA8FEFCAC

0x00000000	0xA8FEFCB0
0x00000000	0xA8FEFCB4
0x00000000	0xA8FEFCB8
0x00000000	0xA8FEFCBC

0x00000000	0xA8FEFCC0
0x00000000	0xA8FEFCC4
0x00000000	0xA8FEFCC8
0x00000000	0xA8FEFCCC

0x00000000	0xA8FEFCD0
0x00000000	0xA8FEFCD4
0x00000000	0xA8FEFCD8
0x00000000	0xA8FEFCDC

0x00000000	0xA8FEFCE0
0x00000000	0xA8FEFCE4
0x00000000	0xA8FEFCE8
0x00000000	0xA8FEFCEC

0x00000000	0xA8FEFCF0
0x00000000	0xA8FEFCF4
0x00000000	0xA8FEFCF8
0x00000000	0xA8FEFCFC

0x00000000	0xA8FEFD00
0x00000000	0xA8FEFD04
0x00000000	0xA8FEFD08
0x00000000	0xA8FEFD0C

0x00000000	0xA8FEFD10
0x00000000	0xA8FEFD14
0x00000000	0xA8FEFD18
0x00000000	0xA8FEFD1C

0x00000000	0xA8FEFD20
0x00000000	0xA8FEFD24
0x00000000	0xA8FEFD28
0x00000000	0xA8FEFD2C

0x00000000	0xA8FEFD30
0x00000000	0xA8FEFD34
0x00000000	0xA8FEFD38
0x00000000	0xA8FEFD3C

0x00000000	0xA8FEFD40
0x00000000	0xA8FEFD44
0x00000000	0xA8FEFD48
0x00000000	0xA8FEFD4C

0x00000000	0xA8FEFD50
0x00000000	0xA8FEFD54
0x00000000	0xA8FEFD58
0x00000000	0xA8FEFD5C

0x00000000	0xA8FEFD60
0x00000000	0xA8FEFD64
0x00000000	0xA8FEFD68
0x00000000	0xA8FEFD6C

0x00000000	0xA8FEFD70
0x00000000	0xA8FEFD74
0x00000000	0xA8FEFD78
0x00000000	0xA8FEFD7C

0x00000000	0xA8FEFD80
0x00000000	0xA8FEFD84
0x00000000	0xA8FEFD88
0x00000000	0xA8FEFD8C

0x00000000	0xA8FEFD90
0x00000000	0xA8FEFD94
0x00000000	0xA8FEFD98
0x00000000	0xA8FEFD9C

0x00000000	0xA8FEFDA0
0x00000000	0xA8FEFDA4
0x00000000	0xA8FEFDA8
0x00000000	0xA8FEFDAC

0x00000000	0xA8FEFDB0
0x00000000	0xA8FEFDB4
0x00000000	0xA8FEFDB8
0x00000000	0xA8FEFDBC

0x00000000	0xA8FEFDC0
0x00000000	0xA8FEFDC4
0x00000000	0xA8FEFDC8
0x00000000	0xA8FEFDCC

0x00000000	0xA8FEFDD0
0x00000000	0xA8FEFDD4
0x00000000	0xA8FEFDD8
0x00000000	0xA8FEFDDC

0x00000000	0xA8FEFDE0
0x00000000	0xA8FEFDE4
0x00000000	0xA8FEFDE8
0x00000000	0xA8FEFDEC

0x00000000	0xA8FEFDF0
0x00000000	0xA8FEFDF4
0x00000000	0xA8FEFDF8
0x00000000	0xA8FEFDFC

0x00000000	0xA8FEFE00
0x00000000	0xA8FEFE04
0x00000000	0xA8FEFE08
0x00000000	0xA8FEFE0C

0x00000000	0xA8FEFE10
0x00000000	0xA8FEFE14
0x00000000	0xA8FEFE18
0x00000000	0xA8FEFE1C

0x00000000	0xA8FEFE20
0x00000000	0xA8FEFE24
0x00000000	0xA8FEFE28
0x00000000	0xA8FEFE2C

0x00000000	0xA8FEFE30
0x00000000	0xA8FEFE34
0x00000000	0xA8FEFE38
0x00000000	0xA8FEFE3C

0x00000000	0xA8FEFE40
0x00000000	0xA8FEFE44
0x00000000	0xA8FEFE48
0x00000000	0xA8FEFE4C

0x00000000	0xA8FEFE50
0x00000000	0xA8FEFE54
0x00000000	0xA8FEFE58
0x00000000	0xA8FEFE5C

0x00000000	0xA8FEFE60
0x00000000	0xA8FEFE64
0x00000000	0xA8FEFE68
0x00000000	0xA8FEFE6C

0x00000000	0xA8FEFE70
0x00000000	0xA8FEFE74
0x00000000	0xA8FEFE78
0x00000000	0xA8FEFE7C

0x00000000	0xA8FEFE80
0x00000000	0xA8FEFE84
0x00000000	0xA8FEFE88
0x00000000	0xA8FEFE8C

0x00000000	0xA8FEFE90
0x00000000	0xA8FEFE94
0x00000000	0xA8FEFE98
0x00000000	0xA8FEFE9C

0x00000000	0xA8FEFEA0
0x00000000	0xA8FEFEA4
0x00000000	0xA8FEFEA8
0x00000000	0xA8FEFEAC

0x00000000	0xA8FEFEB0
0x00000000	0xA8FEFEB4
0x00000000	0xA8FEFEB8
0x00000000	0xA8FEFEBC

0x00000000	0xA8FEFEC0
0x00000000	0xA8FEFEC4
0x00000000	0xA8FEFEC8
0x00000000	0xA8FEFECC

0x00000000	0xA8FEFED0
0x00000000	0xA8FEFED4
0x00000000	0xA8FEFED8
0x00000000	0xA8FEFEDC

0x00000000	0xA8FEFEE0
0x00000000	0xA8FEFEE4
0x00000000	0xA8FEFEE8
0x00000000	0xA8FEFEEC

0x00000000	0xA8FEFEF0
0x00000000	0xA8FEFEF4
0x00000000	0xA8FEFEF8
0x00000000	0xA8FEFEFC

0x00000000	0xA8FEFF00
0x00000000	0xA8FEFF04
0x00000000	0xA8FEFF08
0x00000000	0xA8FEFF0C

0x00000000	0xA8FEFF10
0x00000000	0xA8FEFF14
0x00000000	0xA8FEFF18
0x00000000	0xA8FEFF1C

0x00000000	0xA8FEFF20
0x00000000	0xA8FEFF24
0x00000000	0xA8FEFF28
0x00000000	0xA8FEFF2C

0x00000000	0xA8FEFF30
0x00000000	0xA8FEFF34
0x00000000	0xA8FEFF38
0x00000000	0xA8FEFF3C

0x00000000	0xA8FEFF40
0x00000000	0xA8FEFF44
0x00000000	0xA8FEFF48
0x00000000	0xA8FEFF4C

0x00000000	0xA8FEFF50
0x00000000	0xA8FEFF54
0x00000000	0xA8FEFF58
0x00000000	0xA8FEFF5C

0x00000000	0xA8FEFF60
0x00000000	0xA8FEFF64
0x00000000	0xA8FEFF68
0x00000000	0xA8FEFF6C

0x00000000	0xA8FEFF70
0x00000000	0xA8FEFF74
0x00000000	0xA8FEFF78
0x00000000	0xA8FEFF7C

0x00000000	0xA8FEFF80
0x00000000	0xA8FEFF84
0x00000000	0xA8FEFF88
0x00000000	0xA8FEFF8C

0x00000000	0xA8FEFF90
0x00000000	0xA8FEFF94
0x00000000	0xA8FEFF98
0x00000000	0xA8FEFF9C

0x00000000	0xA8FEFFA0
0x00000000	0xA8FEFFA4
0x00000000	0xA8FEFFA8
0x00000000	0xA8FEFFAC

0x00000000	0xA8FEFFB0
0x00000000	0xA8FEFFB4
0x00000000	0xA8FEFFB8
0x00000000	0xA8FEFFBC

0x00000000	0xA8FEFFC0
0x00000000	0xA8FEFFC4
0x00000000	0xA8FEFFC8
0x00000000	0xA8FEFFCC

0x00000000	0xA8FEFFD0
0x00000000	0xA8FEFFD4
0x00000000	0xA8FEFFD8
0x00000000	0xA8FEFFDC

0x00000000	0xA8FEFFE0
0x00000000	0xA8FEFFE4
0x00000000	0xA8FEFFE8
0x00000000	0xA8FEFFEC

0x00000000	0xA8FEFFF0
0x00000000	0xA8FEFFF4
0x00000000	0xA8FEFFF8
0x00000000	0xA8FEFFFC

0x00000000	0xA8FF0000
0x00000000	0xA8FF0004
0x00000000	0xA8FF0008
0x00000000	0xA8FF000C

0x00000000	0xA8FF0010
0x00000000	0xA8FF0014
0x00000000	0xA8FF0018
0x00000000	0xA8FF001C

0x00000000	0xA8FF0020
0x00000000	0xA8FF0024
0x00000000	0xA8FF0028
0x00000000	0xA8FF002C

0x00000000	0xA8FF0030
0x00000000	0xA8FF0034
0x00000000	0xA8FF0038
0x00000000	0xA8FF003C

0x00000000	0xA8FF0040
0x00000000	0xA8FF0044
0x00000000	0xA8FF0048
0x00000000	0xA8FF004C

0x00000000	0xA8FF0050
0x00000000	0xA8FF0054
0x00000000	0xA8FF0058
0x00000000	0xA8FF005C

0x00000000	0xA8FF0060
0x00000000	0xA8FF0064
0x00000000	0xA8FF0068
0x00000000	0xA8FF006C

0x00000000	0xA8FF0070
0x00000000	0xA8FF0074
0x00000000	0xA8FF0078
0x00000000	0xA8FF007C

0x00000000	0xA8FF0080
0x00000000	0xA8FF0084
0x00000000	0xA8FF0088
0x00000000	0xA8FF008C

0x00000000	0xA8FF0090
0x00000000	0xA8FF0094
0x00000000	0xA8FF0098
0x00000000	0xA8FF009C

0x00000000	0xA8FF00A0
0x00000000	0xA8FF00A4
0x00000000	0xA8FF00A8
0x00000000	0xA8FF00AC

0x00000000	0xA8FF00B0
0x00000000	0xA8FF00B4
0x00000000	0xA8FF00B8
0x00000000	0xA8FF00BC

0x00000000	0xA8FF00C0
0x00000000	0xA8FF00C4
0x00000000	0xA8FF00C8
0x00000000	0xA8FF00CC

0x00000000	0xA8FF00D0
0x00000000	0xA8FF00D4
0x00000000	0xA8FF00D8
0x00000000	0xA8FF00DC

0x00000000	0xA8FF00E0
0x00000000	0xA8FF00E4
0x00000000	0xA8FF00E8
0x00000000	0xA8FF00EC

0x00000000	0xA8FF00F0
0x00000000	0xA8FF00F4
0x00000000	0xA8FF00F8
0x00000000	0xA8FF00FC

0x00000000	0xA8FF0100
0x00000000	0xA8FF0104
0x00000000	0xA8FF0108
0x00000000	0xA8FF010C

0x00000000	0xA8FF0110
0x00000000	0xA8FF0114
0x00000000	0xA8FF0118
0x00000000	0xA8FF011C

0x00000000	0xA8FF0120
0x00000000	0xA8FF0124
0x00000000	0xA8FF0128
0x00000000	0xA8FF012C

0x00000000	0xA8FF0130
0x00000000	0xA8FF0134
0x00000000	0xA8FF0138
0x00000000	0xA8FF013C

0x00000000	0xA8FF0140
0x00000000	0xA8FF0144
0x00000000	0xA8FF0148
0x00000000	0xA8FF014C

0x00000000	0xA8FF0150
0x00000000	0xA8FF0154
0x00000000	0xA8FF0158
0x00000000	0xA8FF015C

0x00000000	0xA8FF0160
0x00000000	0xA8FF0164
0x00000000	0xA8FF0168
0x00000000	0xA8FF016C

0x00000000	0xA8FF0170
0x00000000	0xA8FF0174
0x00000000	0xA8FF0178
0x00000000	0xA8FF017C

0x00000000	0xA8FF0180
0x00000000	0xA8FF0184
0x00000000	0xA8FF0188
0x00000000	0xA8FF018C

0x00000000	0xA8FF0190
0x00000000	0xA8FF0194
0x00000000	0xA8FF0198
0x00000000	0xA8FF019C

0x00000000	0xA8FF01A0
0x00000000	0xA8FF01A4
0x00000000	0xA8FF01A8
0x00000000	0xA8FF01AC

0x00000000	0xA8FF01B0
0x00000000	0xA8FF01B4
0x00000000	0xA8FF01B8
0x00000000	0xA8FF01BC

0x00000000	0xA8FF01C0
0x00000000	0xA8FF01C4
0x00000000	0xA8FF01C8
0x00000000	0xA8FF01CC

0x00000000	0xA8FF01D0
0x00000000	0xA8FF01D4
0x00000000	0xA8FF01D8
0x00000000	0xA8FF01DC

0x00000000	0xA8FF01E0
0x00000000	0xA8FF01E4
0x00000000	0xA8FF01E8
0x00000000	0xA8FF01EC

0x00000000	0xA8FF01F0
0x00000000	0xA8FF01F4
0x00000000	0xA8FF01F8
0x00000000	0xA8FF01FC

0x00000000	0xA8FF0200
0x00000000	0xA8FF0204
0x00000000	0xA8FF0208
0x00000000	0xA8FF020C

0x00000000	0xA8FF0210
0x00000000	0xA8FF0214
0x00000000	0xA8FF0218
0x00000000	0xA8FF021C

0x00000000	0xA8FF0220
0x00000000	0xA8FF0224
0x00000000	0xA8FF0228
0x00000000	0xA8FF022C

0x00000000	0xA8FF0230
0x00000000	0xA8FF0234
0x00000000	0xA8FF0238
0x00000000	0xA8FF023C

0x00000000	0xA8FF0240
0x00000000	0xA8FF0244
0x00000000	0xA8FF0248
0x00000000	0xA8FF024C

0x00000000	0xA8FF0250
0x00000000	0xA8FF0254
0x00000000	0xA8FF0258
0x00000000	0xA8FF025C

0x00000000	0xA8FF0260
0x00000000	0xA8FF0264
0x00000000	0xA8FF0268
0x00000000	0xA8FF026C

0x00000000	0xA8FF0270
0x00000000	0xA8FF0274
0x00000000	0xA8FF0278
0x00000000	0xA8FF027C

0x00000000	0xA8FF0280
0x00000000	0xA8FF0284
0x00000000	0xA8FF0288
0x00000000	0xA8FF028C

0x00000000	0xA8FF0290
0x00000000	0xA8FF0294
0x00000000	0xA8FF0298
0x00000000	0xA8FF029C

0x00000000	0xA8FF02A0
0x00000000	0xA8FF02A4
0x00000000	0xA8FF02A8
0x00000000	0xA8FF02AC

0x00000000	0xA8FF02B0
0x00000000	0xA8FF02B4
0x00000000	0xA8FF02B8
0x00000000	0xA8FF02BC

0x00000000	0xA8FF02C0
0x00000000	0xA8FF02C4
0x00000000	0xA8FF02C8
0x00000000	0xA8FF02CC

0x00000000	0xA8FF02D0
0x00000000	0xA8FF02D4
0x00000000	0xA8FF02D8
0x00000000	0xA8FF02DC

0x00000000	0xA8FF02E0
0x00000000	0xA8FF02E4
0x00000000	0xA8FF02E8
0x00000000	0xA8FF02EC

0x00000000	0xA8FF02F0
0x00000000	0xA8FF02F4
0x00000000	0xA8FF02F8
0x00000000	0xA8FF02FC

0x00000000	0xA8FF0300
0x00000000	0xA8FF0304
0x00000000	0xA8FF0308
0x00000000	0xA8FF030C

0x00000000	0xA8FF0310
0x00000000	0xA8FF0314
0x00000000	0xA8FF0318
0x00000000	0xA8FF031C

0x00000000	0xA8FF0320
0x00000000	0xA8FF0324
0x00000000	0xA8FF0328
0x00000000	0xA8FF032C

0x00000000	0xA8FF0330
0x00000000	0xA8FF0334
0x00000000	0xA8FF0338
0x00000000	0xA8FF033C

0x00000000	0xA8FF0340
0x00000000	0xA8FF0344
0x00000000	0xA8FF0348
0x00000000	0xA8FF034C

0x00000000	0xA8FF0350
0x00000000	0xA8FF0354
0x00000000	0xA8FF0358
0x00000000	0xA8FF035C

0x00000000	0xA8FF0360
0x00000000	0xA8FF0364
0x00000000	0xA8FF0368
0x00000000	0xA8FF036C

0x00000000	0xA8FF0370
0x00000000	0xA8FF0374
0x00000000	0xA8FF0378
0x00000000	0xA8FF037C

0x00000000	0xA8FF0380
0x00000000	0xA8FF0384
0x00000000	0xA8FF0388
0x00000000	0xA8FF038C

0x00000000	0xA8FF0390
0x00000000	0xA8FF0394
0x00000000	0xA8FF0398
0x00000000	0xA8FF039C

0x00000000	0xA8FF03A0
0x00000000	0xA8FF03A4
0x00000000	0xA8FF03A8
0x00000000	0xA8FF03AC

0x00000000	0xA8FF03B0
0x00000000	0xA8FF03B4
0x00000000	0xA8FF03B8
0x00000000	0xA8FF03BC

0x00000000	0xA8FF03C0
0x00000000	0xA8FF03C4
0x00000000	0xA8FF03C8
0x00000000	0xA8FF03CC

0x00000000	0xA8FF03D0
0x00000000	0xA8FF03D4
0x00000000	0xA8FF03D8
0x00000000	0xA8FF03DC

0x00000000	0xA8FF03E0
0x00000000	0xA8FF03E4
0x00000000	0xA8FF03E8
0x00000000	0xA8FF03EC

0x00000000	0xA8FF03F0
0x00000000	0xA8FF03F4
0x00000000	0xA8FF03F8
0x00000000	0xA8FF03FC

0x00000000	0xA8FF0400
0x00000000	0xA8FF0404
0x00000000	0xA8FF0408
0x00000000	0xA8FF040C

0x00000000	0xA8FF0410
0x00000000	0xA8FF0414
0x00000000	0xA8FF0418
0x00000000	0xA8FF041C

0x00000000	0xA8FF0420
0x00000000	0xA8FF0424
0x00000000	0xA8FF0428
0x00000000	0xA8FF042C

0x00000000	0xA8FF0430
0x00000000	0xA8FF0434
0x00000000	0xA8FF0438
0x00000000	0xA8FF043C

0x00000000	0xA8FF0440
0x00000000	0xA8FF0444
0x00000000	0xA8FF0448
0x00000000	0xA8FF044C

0x00000000	0xA8FF0450
0x00000000	0xA8FF0454
0x00000000	0xA8FF0458
0x00000000	0xA8FF045C

0x00000000	0xA8FF0460
0x00000000	0xA8FF0464
0x00000000	0xA8FF0468
0x00000000	0xA8FF046C

0x00000000	0xA8FF0470
0x00000000	0xA8FF0474
0x00000000	0xA8FF0478
0x00000000	0xA8FF047C

0x00000000	0xA8FF0480
0x00000000	0xA8FF0484
0x00000000	0xA8FF0488
0x00000000	0xA8FF048C

0x00000000	0xA8FF0490
0x00000000	0xA8FF0494
0x00000000	0xA8FF0498
0x00000000	0xA8FF049C

0x00000000	0xA8FF04A0
0x00000000	0xA8FF04A4
0x00000000	0xA8FF04A8
0x00000000	0xA8FF04AC

0x00000000	0xA8FF04B0
0x00000000	0xA8FF04B4
0x00000000	0xA8FF04B8
0x00000000	0xA8FF04BC

0x00000000	0xA8FF04C0
0x00000000	0xA8FF04C4
0x00000000	0xA8FF04C8
0x00000000	0xA8FF04CC

0x00000000	0xA8FF04D0
0x00000000	0xA8FF04D4
0x00000000	0xA8FF04D8
0x00000000	0xA8FF04DC

0x00000000	0xA8FF04E0
0x00000000	0xA8FF04E4
0x00000000	0xA8FF04E8
0x00000000	0xA8FF04EC

0x00000000	0xA8FF04F0
0x00000000	0xA8FF04F4
0x00000000	0xA8FF04F8
0x00000000	0xA8FF04FC

0x00000000	0xA8FF0500
0x00000000	0xA8FF0504
0x00000000	0xA8FF0508
0x00000000	0xA8FF050C

0x00000000	0xA8FF0510
0x00000000	0xA8FF0514
0x00000000	0xA8FF0518
0x00000000	0xA8FF051C

0x00000000	0xA8FF0520
0x00000000	0xA8FF0524
0x00000000	0xA8FF0528
0x00000000	0xA8FF052C

0x00000000	0xA8FF0530
0x00000000	0xA8FF0534
0x00000000	0xA8FF0538
0x00000000	0xA8FF053C

0x00000000	0xA8FF0540
0x00000000	0xA8FF0544
0x00000000	0xA8FF0548
0x00000000	0xA8FF054C

0x00000000	0xA8FF0550
0x00000000	0xA8FF0554
0x00000000	0xA8FF0558
0x00000000	0xA8FF055C

0x00000000	0xA8FF0560
0x00000000	0xA8FF0564
0x00000000	0xA8FF0568
0x00000000	0xA8FF056C

0x00000000	0xA8FF0570
0x00000000	0xA8FF0574
0x00000000	0xA8FF0578
0x00000000	0xA8FF057C

0x00000000	0xA8FF0580
0x00000000	0xA8FF0584
0x00000000	0xA8FF0588
0x00000000	0xA8FF058C

0x00000000	0xA8FF0590
0x00000000	0xA8FF0594
0x00000000	0xA8FF0598
0x00000000	0xA8FF059C

0x00000000	0xA8FF05A0
0x00000000	0xA8FF05A4
0x00000000	0xA8FF05A8
0x00000000	0xA8FF05AC

0x00000000	0xA8FF05B0
0x00000000	0xA8FF05B4
0x00000000	0xA8FF05B8
0x00000000	0xA8FF05BC

0x00000000	0xA8FF05C0
0x00000000	0xA8FF05C4
0x00000000	0xA8FF05C8
0x00000000	0xA8FF05CC

0x00000000	0xA8FF05D0
0x00000000	0xA8FF05D4
0x00000000	0xA8FF05D8
0x00000000	0xA8FF05DC

0x00000000	0xA8FF05E0
0x00000000	0xA8FF05E4
0x00000000	0xA8FF05E8
0x00000000	0xA8FF05EC

0x00000000	0xA8FF05F0
0x00000000	0xA8FF05F4
0x00000000	0xA8FF05F8
0x00000000	0xA8FF05FC

0x00000000	0xA8FF0600
0x00000000	0xA8FF0604
0x00000000	0xA8FF0608
0x00000000	0xA8FF060C

0x00000000	0xA8FF0610
0x00000000	0xA8FF0614
0x00000000	0xA8FF0618
0x00000000	0xA8FF061C

0x00000000	0xA8FF0620
0x00000000	0xA8FF0624
0x00000000	0xA8FF0628
0x00000000	0xA8FF062C

0x00000000	0xA8FF0630
0x00000000	0xA8FF0634
0x00000000	0xA8FF0638
0x00000000	0xA8FF063C

0x00000000	0xA8FF0640
0x00000000	0xA8FF0644
0x00000000	0xA8FF0648
0x00000000	0xA8FF064C

0x00000000	0xA8FF0650
0x00000000	0xA8FF0654
0x00000000	0xA8FF0658
0x00000000	0xA8FF065C

0x00000000	0xA8FF0660
0x00000000	0xA8FF0664
0x00000000	0xA8FF0668
0x00000000	0xA8FF066C

0x00000000	0xA8FF0670
0x00000000	0xA8FF0674
0x00000000	0xA8FF0678
0x00000000	0xA8FF067C

0x00000000	0xA8FF0680
0x00000000	0xA8FF0684
0x00000000	0xA8FF0688
0x00000000	0xA8FF068C

0x00000000	0xA8FF0690
0x00000000	0xA8FF0694
0x00000000	0xA8FF0698
0x00000000	0xA8FF069C

0x00000000	0xA8FF06A0
0x00000000	0xA8FF06A4
0x00000000	0xA8FF06A8
0x00000000	0xA8FF06AC

0x00000000	0xA8FF06B0
0x00000000	0xA8FF06B4
0x00000000	0xA8FF06B8
0x00000000	0xA8FF06BC

0x00000000	0xA8FF06C0
0x00000000	0xA8FF06C4
0x00000000	0xA8FF06C8
0x00000000	0xA8FF06CC

0x00000000	0xA8FF06D0
0x00000000	0xA8FF06D4
0x00000000	0xA8FF06D8
0x00000000	0xA8FF06DC

0x00000000	0xA8FF06E0
0x00000000	0xA8FF06E4
0x00000000	0xA8FF06E8
0x00000000	0xA8FF06EC

0x00000000	0xA8FF06F0
0x00000000	0xA8FF06F4
0x00000000	0xA8FF06F8
0x00000000	0xA8FF06FC

0x00000000	0xA8FF0700
0x00000000	0xA8FF0704
0x00000000	0xA8FF0708
0x00000000	0xA8FF070C

0x00000000	0xA8FF0710
0x00000000	0xA8FF0714
0x00000000	0xA8FF0718
0x00000000	0xA8FF071C

0x00000000	0xA8FF0720
0x00000000	0xA8FF0724
0x00000000	0xA8FF0728
0x00000000	0xA8FF072C

0x00000000	0xA8FF0730
0x00000000	0xA8FF0734
0x00000000	0xA8FF0738
0x00000000	0xA8FF073C

0x00000000	0xA8FF0740
0x00000000	0xA8FF0744
0x00000000	0xA8FF0748
0x00000000	0xA8FF074C

0x00000000	0xA8FF0750
0x00000000	0xA8FF0754
0x00000000	0xA8FF0758
0x00000000	0xA8FF075C

0x00000000	0xA8FF0760
0x00000000	0xA8FF0764
0x00000000	0xA8FF0768
0x00000000	0xA8FF076C

0x00000000	0xA8FF0770
0x00000000	0xA8FF0774
0x00000000	0xA8FF0778
0x00000000	0xA8FF077C

0x00000000	0xA8FF0780
0x00000000	0xA8FF0784
0x00000000	0xA8FF0788
0x00000000	0xA8FF078C

0x00000000	0xA8FF0790
0x00000000	0xA8FF0794
0x00000000	0xA8FF0798
0x00000000	0xA8FF079C

0x00000000	0xA8FF07A0
0x00000000	0xA8FF07A4
0x00000000	0xA8FF07A8
0x00000000	0xA8FF07AC

0x00000000	0xA8FF07B0
0x00000000	0xA8FF07B4
0x00000000	0xA8FF07B8
0x00000000	0xA8FF07BC

0x00000000	0xA8FF07C0
0x00000000	0xA8FF07C4
0x00000000	0xA8FF07C8
0x00000000	0xA8FF07CC

0x00000000	0xA8FF07D0
0x00000000	0xA8FF07D4
0x00000000	0xA8FF07D8
0x00000000	0xA8FF07DC

0x00000000	0xA8FF07E0
0x00000000	0xA8FF07E4
0x00000000	0xA8FF07E8
0x00000000	0xA8FF07EC

0x00000000	0xA8FF07F0
0x00000000	0xA8FF07F4
0x00000000	0xA8FF07F8
0x00000000	0xA8FF07FC

0x00000000	0xA8FF0800
0x00000000	0xA8FF0804
0x00000000	0xA8FF0808
0x00000000	0xA8FF080C

0x00000000	0xA8FF0810
0x00000000	0xA8FF0814
0x00000000	0xA8FF0818
0x00000000	0xA8FF081C

0x00000000	0xA8FF0820
0x00000000	0xA8FF0824
0x00000000	0xA8FF0828
0x00000000	0xA8FF082C

0x00000000	0xA8FF0830
0x00000000	0xA8FF0834
0x00000000	0xA8FF0838
0x00000000	0xA8FF083C

0x00000000	0xA8FF0840
0x00000000	0xA8FF0844
0x00000000	0xA8FF0848
0x00000000	0xA8FF084C

0x00000000	0xA8FF0850
0x00000000	0xA8FF0854
0x00000000	0xA8FF0858
0x00000000	0xA8FF085C

0x00000000	0xA8FF0860
0x00000000	0xA8FF0864
0x00000000	0xA8FF0868
0x00000000	0xA8FF086C

0x00000000	0xA8FF0870
0x00000000	0xA8FF0874
0x00000000	0xA8FF0878
0x00000000	0xA8FF087C

0x00000000	0xA8FF0880
0x00000000	0xA8FF0884
0x00000000	0xA8FF0888
0x00000000	0xA8FF088C

0x00000000	0xA8FF0890
0x00000000	0xA8FF0894
0x00000000	0xA8FF0898
0x00000000	0xA8FF089C

0x00000000	0xA8FF08A0
0x00000000	0xA8FF08A4
0x00000000	0xA8FF08A8
0x00000000	0xA8FF08AC

0x00000000	0xA8FF08B0
0x00000000	0xA8FF08B4
0x00000000	0xA8FF08B8
0x00000000	0xA8FF08BC

0x00000000	0xA8FF08C0
0x00000000	0xA8FF08C4
0x00000000	0xA8FF08C8
0x00000000	0xA8FF08CC

0x00000000	0xA8FF08D0
0x00000000	0xA8FF08D4
0x00000000	0xA8FF08D8
0x00000000	0xA8FF08DC

0x00000000	0xA8FF08E0
0x00000000	0xA8FF08E4
0x00000000	0xA8FF08E8
0x00000000	0xA8FF08EC

0x00000000	0xA8FF08F0
0x00000000	0xA8FF08F4
0x00000000	0xA8FF08F8
0x00000000	0xA8FF08FC

0x00000000	0xA8FF0900
0x00000000	0xA8FF0904
0x00000000	0xA8FF0908
0x00000000	0xA8FF090C

0x00000000	0xA8FF0910
0x00000000	0xA8FF0914
0x00000000	0xA8FF0918
0x00000000	0xA8FF091C

0x00000000	0xA8FF0920
0x00000000	0xA8FF0924
0x00000000	0xA8FF0928
0x00000000	0xA8FF092C

0x00000000	0xA8FF0930
0x00000000	0xA8FF0934
0x00000000	0xA8FF0938
0x00000000	0xA8FF093C

0x00000000	0xA8FF0940
0x00000000	0xA8FF0944
0x00000000	0xA8FF0948
0x00000000	0xA8FF094C

0x00000000	0xA8FF0950
0x00000000	0xA8FF0954
0x00000000	0xA8FF0958
0x00000000	0xA8FF095C

0x00000000	0xA8FF0960
0x00000000	0xA8FF0964
0x00000000	0xA8FF0968
0x00000000	0xA8FF096C

0x00000000	0xA8FF0970
0x00000000	0xA8FF0974
0x00000000	0xA8FF0978
0x00000000	0xA8FF097C

0x00000000	0xA8FF0980
0x00000000	0xA8FF0984
0x00000000	0xA8FF0988
0x00000000	0xA8FF098C

0x00000000	0xA8FF0990
0x00000000	0xA8FF0994
0x00000000	0xA8FF0998
0x00000000	0xA8FF099C

0x00000000	0xA8FF09A0
0x00000000	0xA8FF09A4
0x00000000	0xA8FF09A8
0x00000000	0xA8FF09AC

0x00000000	0xA8FF09B0
0x00000000	0xA8FF09B4
0x00000000	0xA8FF09B8
0x00000000	0xA8FF09BC

0x00000000	0xA8FF09C0
0x00000000	0xA8FF09C4
0x00000000	0xA8FF09C8
0x00000000	0xA8FF09CC

0x00000000	0xA8FF09D0
0x00000000	0xA8FF09D4
0x00000000	0xA8FF09D8
0x00000000	0xA8FF09DC

0x00000000	0xA8FF09E0
0x00000000	0xA8FF09E4
0x00000000	0xA8FF09E8
0x00000000	0xA8FF09EC

0x00000000	0xA8FF09F0
0x00000000	0xA8FF09F4
0x00000000	0xA8FF09F8
0x00000000	0xA8FF09FC

0x00000000	0xA8FF0A00
0x00000000	0xA8FF0A04
0x00000000	0xA8FF0A08
0x00000000	0xA8FF0A0C

0x00000000	0xA8FF0A10
0x00000000	0xA8FF0A14
0x00000000	0xA8FF0A18
0x00000000	0xA8FF0A1C

0x00000000	0xA8FF0A20
0x00000000	0xA8FF0A24
0x00000000	0xA8FF0A28
0x00000000	0xA8FF0A2C

0x00000000	0xA8FF0A30
0x00000000	0xA8FF0A34
0x00000000	0xA8FF0A38
0x00000000	0xA8FF0A3C

0x00000000	0xA8FF0A40
0x00000000	0xA8FF0A44
0x00000000	0xA8FF0A48
0x00000000	0xA8FF0A4C

0x00000000	0xA8FF0A50
0x00000000	0xA8FF0A54
0x00000000	0xA8FF0A58
0x00000000	0xA8FF0A5C

0x00000000	0xA8FF0A60
0x00000000	0xA8FF0A64
0x00000000	0xA8FF0A68
0x00000000	0xA8FF0A6C

0x00000000	0xA8FF0A70
0x00000000	0xA8FF0A74
0x00000000	0xA8FF0A78
0x00000000	0xA8FF0A7C

0x00000000	0xA8FF0A80
0x00000000	0xA8FF0A84
0x00000000	0xA8FF0A88
0x00000000	0xA8FF0A8C

0x00000000	0xA8FF0A90
0x00000000	0xA8FF0A94
0x00000000	0xA8FF0A98
0x00000000	0xA8FF0A9C

0x00000000	0xA8FF0AA0
0x00000000	0xA8FF0AA4
0x00000000	0xA8FF0AA8
0x00000000	0xA8FF0AAC

0x00000000	0xA8FF0AB0
0x00000000	0xA8FF0AB4
0x00000000	0xA8FF0AB8
0x00000000	0xA8FF0ABC

0x00000000	0xA8FF0AC0
0x00000000	0xA8FF0AC4
0x00000000	0xA8FF0AC8
0x00000000	0xA8FF0ACC

0x00000000	0xA8FF0AD0
0x00000000	0xA8FF0AD4
0x00000000	0xA8FF0AD8
0x00000000	0xA8FF0ADC

0x00000000	0xA8FF0AE0
0x00000000	0xA8FF0AE4
0x00000000	0xA8FF0AE8
0x00000000	0xA8FF0AEC

0x00000000	0xA8FF0AF0
0x00000000	0xA8FF0AF4
0x00000000	0xA8FF0AF8
0x00000000	0xA8FF0AFC

0x00000000	0xA8FF0B00
0x00000000	0xA8FF0B04
0x00000000	0xA8FF0B08
0x00000000	0xA8FF0B0C

0x00000000	0xA8FF0B10
0x00000000	0xA8FF0B14
0x00000000	0xA8FF0B18
0x00000000	0xA8FF0B1C

0x00000000	0xA8FF0B20
0x00000000	0xA8FF0B24
0x00000000	0xA8FF0B28
0x00000000	0xA8FF0B2C

0x00000000	0xA8FF0B30
0x00000000	0xA8FF0B34
0x00000000	0xA8FF0B38
0x00000000	0xA8FF0B3C

0x00000000	0xA8FF0B40
0x00000000	0xA8FF0B44
0x00000000	0xA8FF0B48
0x00000000	0xA8FF0B4C

0x00000000	0xA8FF0B50
0x00000000	0xA8FF0B54
0x00000000	0xA8FF0B58
0x00000000	0xA8FF0B5C

0x00000000	0xA8FF0B60
0x00000000	0xA8FF0B64
0x00000000	0xA8FF0B68
0x00000000	0xA8FF0B6C

0x00000000	0xA8FF0B70
0x00000000	0xA8FF0B74
0x00000000	0xA8FF0B78
0x00000000	0xA8FF0B7C

0x00000000	0xA8FF0B80
0x00000000	0xA8FF0B84
0x00000000	0xA8FF0B88
0x00000000	0xA8FF0B8C

0x00000000	0xA8FF0B90
0x00000000	0xA8FF0B94
0x00000000	0xA8FF0B98
0x00000000	0xA8FF0B9C

0x00000000	0xA8FF0BA0
0x00000000	0xA8FF0BA4
0x00000000	0xA8FF0BA8
0x00000000	0xA8FF0BAC

0x00000000	0xA8FF0BB0
0x00000000	0xA8FF0BB4
0x00000000	0xA8FF0BB8
0x00000000	0xA8FF0BBC

0x00000000	0xA8FF0BC0
0x00000000	0xA8FF0BC4
0x00000000	0xA8FF0BC8
0x00000000	0xA8FF0BCC

0x00000000	0xA8FF0BD0
0x00000000	0xA8FF0BD4
0x00000000	0xA8FF0BD8
0x00000000	0xA8FF0BDC

0x00000000	0xA8FF0BE0
0x00000000	0xA8FF0BE4
0x00000000	0xA8FF0BE8
0x00000000	0xA8FF0BEC

0x00000000	0xA8FF0BF0
0x00000000	0xA8FF0BF4
0x00000000	0xA8FF0BF8
0x00000000	0xA8FF0BFC

0x00000000	0xA8FF0C00
0x00000000	0xA8FF0C04
0x00000000	0xA8FF0C08
0x00000000	0xA8FF0C0C

0x00000000	0xA8FF0C10
0x00000000	0xA8FF0C14
0x00000000	0xA8FF0C18
0x00000000	0xA8FF0C1C

0x00000000	0xA8FF0C20
0x00000000	0xA8FF0C24
0x00000000	0xA8FF0C28
0x00000000	0xA8FF0C2C

0x00000000	0xA8FF0C30
0x00000000	0xA8FF0C34
0x00000000	0xA8FF0C38
0x00000000	0xA8FF0C3C

0x00000000	0xA8FF0C40
0x00000000	0xA8FF0C44
0x00000000	0xA8FF0C48
0x00000000	0xA8FF0C4C

0x00000000	0xA8FF0C50
0x00000000	0xA8FF0C54
0x00000000	0xA8FF0C58
0x00000000	0xA8FF0C5C

0x00000000	0xA8FF0C60
0x00000000	0xA8FF0C64
0x00000000	0xA8FF0C68
0x00000000	0xA8FF0C6C

0x00000000	0xA8FF0C70
0x00000000	0xA8FF0C74
0x00000000	0xA8FF0C78
0x00000000	0xA8FF0C7C

0x00000000	0xA8FF0C80
0x00000000	0xA8FF0C84
0x00000000	0xA8FF0C88
0x00000000	0xA8FF0C8C

0x00000000	0xA8FF0C90
0x00000000	0xA8FF0C94
0x00000000	0xA8FF0C98
0x00000000	0xA8FF0C9C

0x00000000	0xA8FF0CA0
0x00000000	0xA8FF0CA4
0x00000000	0xA8FF0CA8
0x00000000	0xA8FF0CAC

0x00000000	0xA8FF0CB0
0x00000000	0xA8FF0CB4
0x00000000	0xA8FF0CB8
0x00000000	0xA8FF0CBC

0x00000000	0xA8FF0CC0
0x00000000	0xA8FF0CC4
0x00000000	0xA8FF0CC8
0x00000000	0xA8FF0CCC

0x00000000	0xA8FF0CD0
0x00000000	0xA8FF0CD4
0x00000000	0xA8FF0CD8
0x00000000	0xA8FF0CDC

0x00000000	0xA8FF0CE0
0x00000000	0xA8FF0CE4
0x00000000	0xA8FF0CE8
0x00000000	0xA8FF0CEC

0x00000000	0xA8FF0CF0
0x00000000	0xA8FF0CF4
0x00000000	0xA8FF0CF8
0x00000000	0xA8FF0CFC

0x00000000	0xA8FF0D00
0x00000000	0xA8FF0D04
0x00000000	0xA8FF0D08
0x00000000	0xA8FF0D0C

0x00000000	0xA8FF0D10
0x00000000	0xA8FF0D14
0x00000000	0xA8FF0D18
0x00000000	0xA8FF0D1C

0x00000000	0xA8FF0D20
0x00000000	0xA8FF0D24
0x00000000	0xA8FF0D28
0x00000000	0xA8FF0D2C

0x00000000	0xA8FF0D30
0x00000000	0xA8FF0D34
0x00000000	0xA8FF0D38
0x00000000	0xA8FF0D3C

0x00000000	0xA8FF0D40
0x00000000	0xA8FF0D44
0x00000000	0xA8FF0D48
0x00000000	0xA8FF0D4C

0x00000000	0xA8FF0D50
0x00000000	0xA8FF0D54
0x00000000	0xA8FF0D58
0x00000000	0xA8FF0D5C

0x00000000	0xA8FF0D60
0x00000000	0xA8FF0D64
0x00000000	0xA8FF0D68
0x00000000	0xA8FF0D6C

0x00000000	0xA8FF0D70
0x00000000	0xA8FF0D74
0x00000000	0xA8FF0D78
0x00000000	0xA8FF0D7C

0x00000000	0xA8FF0D80
0x00000000	0xA8FF0D84
0x00000000	0xA8FF0D88
0x00000000	0xA8FF0D8C

0x00000000	0xA8FF0D90
0x00000000	0xA8FF0D94
0x00000000	0xA8FF0D98
0x00000000	0xA8FF0D9C

0x00000000	0xA8FF0DA0
0x00000000	0xA8FF0DA4
0x00000000	0xA8FF0DA8
0x00000000	0xA8FF0DAC

0x00000000	0xA8FF0DB0
0x00000000	0xA8FF0DB4
0x00000000	0xA8FF0DB8
0x00000000	0xA8FF0DBC

0x00000000	0xA8FF0DC0
0x00000000	0xA8FF0DC4
0x00000000	0xA8FF0DC8
0x00000000	0xA8FF0DCC

0x00000000	0xA8FF0DD0
0x00000000	0xA8FF0DD4
0x00000000	0xA8FF0DD8
0x00000000	0xA8FF0DDC

0x00000000	0xA8FF0DE0
0x00000000	0xA8FF0DE4
0x00000000	0xA8FF0DE8
0x00000000	0xA8FF0DEC

0x00000000	0xA8FF0DF0
0x00000000	0xA8FF0DF4
0x00000000	0xA8FF0DF8
0x00000000	0xA8FF0DFC

0x00000000	0xA8FF0E00
0x00000000	0xA8FF0E04
0x00000000	0xA8FF0E08
0x00000000	0xA8FF0E0C

0x00000000	0xA8FF0E10
0x00000000	0xA8FF0E14
0x00000000	0xA8FF0E18
0x00000000	0xA8FF0E1C

0x00000000	0xA8FF0E20
0x00000000	0xA8FF0E24
0x00000000	0xA8FF0E28
0x00000000	0xA8FF0E2C

0x00000000	0xA8FF0E30
0x00000000	0xA8FF0E34
0x00000000	0xA8FF0E38
0x00000000	0xA8FF0E3C

0x00000000	0xA8FF0E40
0x00000000	0xA8FF0E44
0x00000000	0xA8FF0E48
0x00000000	0xA8FF0E4C

0x00000000	0xA8FF0E50
0x00000000	0xA8FF0E54
0x00000000	0xA8FF0E58
0x00000000	0xA8FF0E5C

0x00000000	0xA8FF0E60
0x00000000	0xA8FF0E64
0x00000000	0xA8FF0E68
0x00000000	0xA8FF0E6C

0x00000000	0xA8FF0E70
0x00000000	0xA8FF0E74
0x00000000	0xA8FF0E78
0x00000000	0xA8FF0E7C

0x00000000	0xA8FF0E80
0x00000000	0xA8FF0E84
0x00000000	0xA8FF0E88
0x00000000	0xA8FF0E8C

0x00000000	0xA8FF0E90
0x00000000	0xA8FF0E94
0x00000000	0xA8FF0E98
0x00000000	0xA8FF0E9C

0x00000000	0xA8FF0EA0
0x00000000	0xA8FF0EA4
0x00000000	0xA8FF0EA8
0x00000000	0xA8FF0EAC

0x00000000	0xA8FF0EB0
0x00000000	0xA8FF0EB4
0x00000000	0xA8FF0EB8
0x00000000	0xA8FF0EBC

0x00000000	0xA8FF0EC0
0x00000000	0xA8FF0EC4
0x00000000	0xA8FF0EC8
0x00000000	0xA8FF0ECC

0x00000000	0xA8FF0ED0
0x00000000	0xA8FF0ED4
0x00000000	0xA8FF0ED8
0x00000000	0xA8FF0EDC

0x00000000	0xA8FF0EE0
0x00000000	0xA8FF0EE4
0x00000000	0xA8FF0EE8
0x00000000	0xA8FF0EEC

0x00000000	0xA8FF0EF0
0x00000000	0xA8FF0EF4
0x00000000	0xA8FF0EF8
0x00000000	0xA8FF0EFC

0x00000000	0xA8FF0F00
0x00000000	0xA8FF0F04
0x00000000	0xA8FF0F08
0x00000000	0xA8FF0F0C

0x00000000	0xA8FF0F10
0x00000000	0xA8FF0F14
0x00000000	0xA8FF0F18
0x00000000	0xA8FF0F1C

0x00000000	0xA8FF0F20
0x00000000	0xA8FF0F24
0x00000000	0xA8FF0F28
0x00000000	0xA8FF0F2C

0x00000000	0xA8FF0F30
0x00000000	0xA8FF0F34
0x00000000	0xA8FF0F38
0x00000000	0xA8FF0F3C

0x00000000	0xA8FF0F40
0x00000000	0xA8FF0F44
0x00000000	0xA8FF0F48
0x00000000	0xA8FF0F4C

0x00000000	0xA8FF0F50
0x00000000	0xA8FF0F54
0x00000000	0xA8FF0F58
0x00000000	0xA8FF0F5C

0x00000000	0xA8FF0F60
0x00000000	0xA8FF0F64
0x00000000	0xA8FF0F68
0x00000000	0xA8FF0F6C

0x00000000	0xA8FF0F70
0x00000000	0xA8FF0F74
0x00000000	0xA8FF0F78
0x00000000	0xA8FF0F7C

0x00000000	0xA8FF0F80
0x00000000	0xA8FF0F84
0x00000000	0xA8FF0F88
0x00000000	0xA8FF0F8C

0x00000000	0xA8FF0F90
0x00000000	0xA8FF0F94
0x00000000	0xA8FF0F98
0x00000000	0xA8FF0F9C

0x00000000	0xA8FF0FA0
0x00000000	0xA8FF0FA4
0x00000000	0xA8FF0FA8
0x00000000	0xA8FF0FAC

0x00000000	0xA8FF0FB0
0x00000000	0xA8FF0FB4
0x00000000	0xA8FF0FB8
0x00000000	0xA8FF0FBC

0x00000000	0xA8FF0FC0
0x00000000	0xA8FF0FC4
0x00000000	0xA8FF0FC8
0x00000000	0xA8FF0FCC

0x00000000	0xA8FF0FD0
0x00000000	0xA8FF0FD4
0x00000000	0xA8FF0FD8
0x00000000	0xA8FF0FDC

0x00000000	0xA8FF0FE0
0x00000000	0xA8FF0FE4
0x00000000	0xA8FF0FE8
0x00000000	0xA8FF0FEC

0x00000000	0xA8FF0FF0
0x00000000	0xA8FF0FF4
0x00000000	0xA8FF0FF8
0x00000000	0xA8FF0FFC

